#
# An unexpected error has occurred (11)
#
Stack:
/lib64/libc.so.6() [0x3531a32570]
/opt/Xilinx2018/Vivado/2018.2/lib/lnx64.o/libhls_hwsyn.so(ssdm::CdfgUtil::buildDesignFromCdfg(ssdm::Cdfg*)+0x19d) [0x7fa71a380c6d]
/opt/Xilinx2018/Vivado/2018.2/lib/lnx64.o/libhls_hwsyn.so(pass::CdfgBuildPass::buildCdfg(llvm::Function*, xpcl::CdfgModel*)+0x1f) [0x7fa719af53af]
/opt/Xilinx2018/Vivado/2018.2/lib/lnx64.o/libhls_hwsyn.so(pass::CdfgBuildPass::runOnModule(llvm::Module&)+0x1274) [0x7fa719af66c4]
/opt/Xilinx2018/Vivado/2018.2/lib/lnx64.o/libLLVM-3.1.so(llvm::MPPassManager::runOnModule(llvm::Module&)+0x182) [0x7fa71b1fb682]
/opt/Xilinx2018/Vivado/2018.2/lib/lnx64.o/libLLVM-3.1.so(llvm::PassManagerImpl::run(llvm::Module&)+0xac) [0x7fa71b1fb83c]
/opt/Xilinx2018/Vivado/2018.2/lib/lnx64.o/libhls_main.so(+0xd4779) [0x7fa720c13779]
/opt/Xilinx2018/Vivado/2018.2/lib/lnx64.o/libhls_support.so(xpcl::TclCommand::callback(int, Tcl_Obj* const*)+0xb6a) [0x7fa72090fd2a]
/opt/Xilinx2018/Vivado/2018.2/lib/lnx64.o/libhls_support.so(+0x5505b) [0x7fa72091005b]
/opt/Xilinx2018/Vivado/2018.2/lib/lnx64.o/libtcl8.5.so(+0x334af) [0x7fa72ce2c4af]
/opt/Xilinx2018/Vivado/2018.2/lib/lnx64.o/libtcl8.5.so(+0x76875) [0x7fa72ce6f875]
/opt/Xilinx2018/Vivado/2018.2/lib/lnx64.o/libtcl8.5.so(+0x7e029) [0x7fa72ce77029]
/opt/Xilinx2018/Vivado/2018.2/lib/lnx64.o/libtcl8.5.so(TclEvalObjEx+0x76) [0x7fa72ce2e156]
/opt/Xilinx2018/Vivado/2018.2/lib/lnx64.o/librdi_commontasks.so(+0x1b2617) [0x7fa722a7e617]
/opt/Xilinx2018/Vivado/2018.2/lib/lnx64.o/libtcl8.5.so(+0x334af) [0x7fa72ce2c4af]
/opt/Xilinx2018/Vivado/2018.2/lib/lnx64.o/libtcl8.5.so(+0x76875) [0x7fa72ce6f875]
/opt/Xilinx2018/Vivado/2018.2/lib/lnx64.o/libtcl8.5.so(TclObjInterpProcCore+0x420) [0x7fa72ceb0df0]
/opt/Xilinx2018/Vivado/2018.2/lib/lnx64.o/libtcl8.5.so(+0x334af) [0x7fa72ce2c4af]
/opt/Xilinx2018/Vivado/2018.2/lib/lnx64.o/libtcl8.5.so(+0x76875) [0x7fa72ce6f875]
/opt/Xilinx2018/Vivado/2018.2/lib/lnx64.o/libtcl8.5.so(+0x7e029) [0x7fa72ce77029]
/opt/Xilinx2018/Vivado/2018.2/lib/lnx64.o/libtcl8.5.so(TclEvalObjEx+0x76) [0x7fa72ce2e156]
/opt/Xilinx2018/Vivado/2018.2/lib/lnx64.o/librdi_commontasks.so(+0x1b2617) [0x7fa722a7e617]
/opt/Xilinx2018/Vivado/2018.2/lib/lnx64.o/libtcl8.5.so(+0x334af) [0x7fa72ce2c4af]
/opt/Xilinx2018/Vivado/2018.2/lib/lnx64.o/libtcl8.5.so(+0x76875) [0x7fa72ce6f875]
/opt/Xilinx2018/Vivado/2018.2/lib/lnx64.o/libtcl8.5.so(TclObjInterpProcCore+0x420) [0x7fa72ceb0df0]
/opt/Xilinx2018/Vivado/2018.2/lib/lnx64.o/libtcl8.5.so(+0x334af) [0x7fa72ce2c4af]
/opt/Xilinx2018/Vivado/2018.2/lib/lnx64.o/libtcl8.5.so(+0x76875) [0x7fa72ce6f875]
/opt/Xilinx2018/Vivado/2018.2/lib/lnx64.o/libtcl8.5.so(TclObjInterpProcCore+0x420) [0x7fa72ceb0df0]
/opt/Xilinx2018/Vivado/2018.2/lib/lnx64.o/libtcl8.5.so(+0x334af) [0x7fa72ce2c4af]
/opt/Xilinx2018/Vivado/2018.2/lib/lnx64.o/libtcl8.5.so(+0x76875) [0x7fa72ce6f875]
/opt/Xilinx2018/Vivado/2018.2/lib/lnx64.o/libtcl8.5.so(+0x7e029) [0x7fa72ce77029]
/opt/Xilinx2018/Vivado/2018.2/lib/lnx64.o/libtcl8.5.so(TclEvalObjEx+0x76) [0x7fa72ce2e156]
/opt/Xilinx2018/Vivado/2018.2/lib/lnx64.o/librdi_commontasks.so(+0x1b2617) [0x7fa722a7e617]
/opt/Xilinx2018/Vivado/2018.2/lib/lnx64.o/libtcl8.5.so(+0x334af) [0x7fa72ce2c4af]
/opt/Xilinx2018/Vivado/2018.2/lib/lnx64.o/libtcl8.5.so(+0x76875) [0x7fa72ce6f875]
/opt/Xilinx2018/Vivado/2018.2/lib/lnx64.o/libtcl8.5.so(Tcl_ExprObj+0xf8) [0x7fa72ce76c08]
/opt/Xilinx2018/Vivado/2018.2/lib/lnx64.o/libtcl8.5.so(Tcl_ExprBooleanObj+0x16) [0x7fa72ce2ce96]
/opt/Xilinx2018/Vivado/2018.2/lib/lnx64.o/libtcl8.5.so(+0x3e6de) [0x7fa72ce376de]
/opt/Xilinx2018/Vivado/2018.2/lib/lnx64.o/libtcl8.5.so(+0x334af) [0x7fa72ce2c4af]
/opt/Xilinx2018/Vivado/2018.2/lib/lnx64.o/libtcl8.5.so(+0x34b38) [0x7fa72ce2db38]
/opt/Xilinx2018/Vivado/2018.2/lib/lnx64.o/libtcl8.5.so(Tcl_EvalEx+0x13) [0x7fa72ce2e0a3]
/opt/Xilinx2018/Vivado/2018.2/lib/lnx64.o/libtcl8.5.so(Tcl_Eval+0x15) [0x7fa72ce2e0c5]
/opt/Xilinx2018/Vivado/2018.2/lib/lnx64.o/libhls_main.so(+0x9bec2) [0x7fa720bdaec2]
/opt/Xilinx2018/Vivado/2018.2/lib/lnx64.o/libhls_support.so(xpcl::TclCommand::callback(int, Tcl_Obj* const*)+0x4dd) [0x7fa72090f69d]
/opt/Xilinx2018/Vivado/2018.2/lib/lnx64.o/libhls_support.so(+0x5505b) [0x7fa72091005b]
/opt/Xilinx2018/Vivado/2018.2/lib/lnx64.o/libtcl8.5.so(+0x334af) [0x7fa72ce2c4af]
/opt/Xilinx2018/Vivado/2018.2/lib/lnx64.o/libtcl8.5.so(+0x76875) [0x7fa72ce6f875]
/opt/Xilinx2018/Vivado/2018.2/lib/lnx64.o/libtcl8.5.so(TclObjInterpProcCore+0x420) [0x7fa72ceb0df0]
/opt/Xilinx2018/Vivado/2018.2/lib/lnx64.o/libtcl8.5.so(+0x334af) [0x7fa72ce2c4af]
/opt/Xilinx2018/Vivado/2018.2/lib/lnx64.o/libtcl8.5.so(+0x76875) [0x7fa72ce6f875]
/opt/Xilinx2018/Vivado/2018.2/lib/lnx64.o/libtcl8.5.so(+0x7e029) [0x7fa72ce77029]
/opt/Xilinx2018/Vivado/2018.2/lib/lnx64.o/libtcl8.5.so(TclEvalObjEx+0x76) [0x7fa72ce2e156]
/opt/Xilinx2018/Vivado/2018.2/lib/lnx64.o/librdi_commontasks.so(+0x1b2617) [0x7fa722a7e617]
/opt/Xilinx2018/Vivado/2018.2/lib/lnx64.o/libtcl8.5.so(+0x334af) [0x7fa72ce2c4af]
/opt/Xilinx2018/Vivado/2018.2/lib/lnx64.o/libtcl8.5.so(+0x76875) [0x7fa72ce6f875]
/opt/Xilinx2018/Vivado/2018.2/lib/lnx64.o/libtcl8.5.so(Tcl_ExprObj+0xf8) [0x7fa72ce76c08]
/opt/Xilinx2018/Vivado/2018.2/lib/lnx64.o/libtcl8.5.so(Tcl_ExprBooleanObj+0x16) [0x7fa72ce2ce96]
/opt/Xilinx2018/Vivado/2018.2/lib/lnx64.o/libtcl8.5.so(+0x3e6de) [0x7fa72ce376de]
/opt/Xilinx2018/Vivado/2018.2/lib/lnx64.o/libtcl8.5.so(+0x334af) [0x7fa72ce2c4af]
/opt/Xilinx2018/Vivado/2018.2/lib/lnx64.o/libtcl8.5.so(+0x34b38) [0x7fa72ce2db38]
/opt/Xilinx2018/Vivado/2018.2/lib/lnx64.o/libtcl8.5.so(Tcl_EvalEx+0x13) [0x7fa72ce2e0a3]
/opt/Xilinx2018/Vivado/2018.2/lib/lnx64.o/libtcl8.5.so(Tcl_Eval+0x15) [0x7fa72ce2e0c5]
/opt/Xilinx2018/Vivado/2018.2/lib/lnx64.o/libhls_main.so(+0x9bec2) [0x7fa720bdaec2]
/opt/Xilinx2018/Vivado/2018.2/lib/lnx64.o/libhls_support.so(xpcl::TclCommand::callback(int, Tcl_Obj* const*)+0x4dd) [0x7fa72090f69d]
/opt/Xilinx2018/Vivado/2018.2/lib/lnx64.o/libhls_support.so(+0x5505b) [0x7fa72091005b]
/opt/Xilinx2018/Vivado/2018.2/lib/lnx64.o/libtcl8.5.so(+0x334af) [0x7fa72ce2c4af]
/opt/Xilinx2018/Vivado/2018.2/lib/lnx64.o/libtcl8.5.so(+0x76875) [0x7fa72ce6f875]
/opt/Xilinx2018/Vivado/2018.2/lib/lnx64.o/libtcl8.5.so(TclObjInterpProcCore+0x420) [0x7fa72ceb0df0]
/opt/Xilinx2018/Vivado/2018.2/lib/lnx64.o/libtcl8.5.so(+0x334af) [0x7fa72ce2c4af]
/opt/Xilinx2018/Vivado/2018.2/lib/lnx64.o/libtcl8.5.so(+0x76875) [0x7fa72ce6f875]
/opt/Xilinx2018/Vivado/2018.2/lib/lnx64.o/libtcl8.5.so(+0x7e029) [0x7fa72ce77029]
/opt/Xilinx2018/Vivado/2018.2/lib/lnx64.o/libtcl8.5.so(TclEvalObjEx+0x76) [0x7fa72ce2e156]
/opt/Xilinx2018/Vivado/2018.2/lib/lnx64.o/librdi_commontasks.so(+0x1b2617) [0x7fa722a7e617]
/opt/Xilinx2018/Vivado/2018.2/lib/lnx64.o/libtcl8.5.so(+0x334af) [0x7fa72ce2c4af]
/opt/Xilinx2018/Vivado/2018.2/lib/lnx64.o/libtcl8.5.so(+0x76875) [0x7fa72ce6f875]
/opt/Xilinx2018/Vivado/2018.2/lib/lnx64.o/libtcl8.5.so(Tcl_ExprObj+0xf8) [0x7fa72ce76c08]
/opt/Xilinx2018/Vivado/2018.2/lib/lnx64.o/libtcl8.5.so(Tcl_ExprBooleanObj+0x16) [0x7fa72ce2ce96]
/opt/Xilinx2018/Vivado/2018.2/lib/lnx64.o/libtcl8.5.so(+0x3e6de) [0x7fa72ce376de]
/opt/Xilinx2018/Vivado/2018.2/lib/lnx64.o/libtcl8.5.so(+0x334af) [0x7fa72ce2c4af]
/opt/Xilinx2018/Vivado/2018.2/lib/lnx64.o/libtcl8.5.so(+0x34b38) [0x7fa72ce2db38]
/opt/Xilinx2018/Vivado/2018.2/lib/lnx64.o/libtcl8.5.so(Tcl_EvalEx+0x13) [0x7fa72ce2e0a3]
/opt/Xilinx2018/Vivado/2018.2/lib/lnx64.o/libtcl8.5.so(Tcl_Eval+0x15) [0x7fa72ce2e0c5]
/opt/Xilinx2018/Vivado/2018.2/lib/lnx64.o/libhls_main.so(+0x9bec2) [0x7fa720bdaec2]
/opt/Xilinx2018/Vivado/2018.2/lib/lnx64.o/libhls_support.so(xpcl::TclCommand::callback(int, Tcl_Obj* const*)+0x4dd) [0x7fa72090f69d]
/opt/Xilinx2018/Vivado/2018.2/lib/lnx64.o/libhls_support.so(+0x5505b) [0x7fa72091005b]
/opt/Xilinx2018/Vivado/2018.2/lib/lnx64.o/libtcl8.5.so(+0x334af) [0x7fa72ce2c4af]
/opt/Xilinx2018/Vivado/2018.2/lib/lnx64.o/libtcl8.5.so(+0x34b38) [0x7fa72ce2db38]
/opt/Xilinx2018/Vivado/2018.2/lib/lnx64.o/libtcl8.5.so(Tcl_EvalEx+0x13) [0x7fa72ce2e0a3]
/opt/Xilinx2018/Vivado/2018.2/lib/lnx64.o/libtcl8.5.so(Tcl_FSEvalFileEx+0x1da) [0x7fa72ce92c5a]
/opt/Xilinx2018/Vivado/2018.2/lib/lnx64.o/libhls_main.so(ApSourceTclFile(std::__cxx11::basic_string<char, std::char_traits<char>, std::allocator<char> > const&, char const*)+0x77) [0x7fa720bd0437]
/opt/Xilinx2018/Vivado/2018.2/lib/lnx64.o/libhls_main.so(+0x96339) [0x7fa720bd5339]
/opt/Xilinx2018/Vivado/2018.2/lib/lnx64.o/libhls_support.so(xpcl::TclCommand::callback(int, Tcl_Obj* const*)+0x4dd) [0x7fa72090f69d]
/opt/Xilinx2018/Vivado/2018.2/lib/lnx64.o/libhls_support.so(+0x5505b) [0x7fa72091005b]
/opt/Xilinx2018/Vivado/2018.2/lib/lnx64.o/libtcl8.5.so(+0x334af) [0x7fa72ce2c4af]
/opt/Xilinx2018/Vivado/2018.2/lib/lnx64.o/libtcl8.5.so(Tcl_EvalObjv+0x32) [0x7fa72ce2c5e2]
/opt/Xilinx2018/Vivado/2018.2/lib/lnx64.o/libtcl8.5.so(TclEvalObjEx+0x322) [0x7fa72ce2e402]
/opt/Xilinx2018/Vivado/2018.2/lib/lnx64.o/librdi_hlstasks.so(+0xb65a) [0x7fa720ff065a]
/opt/Xilinx2018/Vivado/2018.2/lib/lnx64.o/librdi_common.so(+0x78e792) [0x7fa732400792]
/opt/Xilinx2018/Vivado/2018.2/lib/lnx64.o/libtcl8.5.so(+0x334af) [0x7fa72ce2c4af]
/opt/Xilinx2018/Vivado/2018.2/lib/lnx64.o/libtcl8.5.so(+0x34b38) [0x7fa72ce2db38]
/opt/Xilinx2018/Vivado/2018.2/lib/lnx64.o/libtcl8.5.so(Tcl_EvalEx+0x13) [0x7fa72ce2e0a3]
/opt/Xilinx2018/Vivado/2018.2/lib/lnx64.o/libtcl8.5.so(TclEvalObjEx+0x3cf) [0x7fa72ce2e4af]
/opt/Xilinx2018/Vivado/2018.2/lib/lnx64.o/libtcl8.5.so(+0xb74a9) [0x7fa72ceb04a9]
/opt/Xilinx2018/Vivado/2018.2/lib/lnx64.o/libtcl8.5.so(+0x334af) [0x7fa72ce2c4af]
/opt/Xilinx2018/Vivado/2018.2/lib/lnx64.o/libtcl8.5.so(+0x76875) [0x7fa72ce6f875]
/opt/Xilinx2018/Vivado/2018.2/lib/lnx64.o/libtcl8.5.so(TclObjInterpProcCore+0x420) [0x7fa72ceb0df0]
/opt/Xilinx2018/Vivado/2018.2/lib/lnx64.o/libtcl8.5.so(+0x334af) [0x7fa72ce2c4af]
/opt/Xilinx2018/Vivado/2018.2/lib/lnx64.o/libtcl8.5.so(+0x76875) [0x7fa72ce6f875]
/opt/Xilinx2018/Vivado/2018.2/lib/lnx64.o/libtcl8.5.so(+0x7e029) [0x7fa72ce77029]
/opt/Xilinx2018/Vivado/2018.2/lib/lnx64.o/libtcl8.5.so(TclEvalObjEx+0x76) [0x7fa72ce2e156]
/opt/Xilinx2018/Vivado/2018.2/lib/lnx64.o/librdi_commontasks.so(+0x1b26b4) [0x7fa722a7e6b4]
/opt/Xilinx2018/Vivado/2018.2/lib/lnx64.o/libtcl8.5.so(+0x334af) [0x7fa72ce2c4af]
/opt/Xilinx2018/Vivado/2018.2/lib/lnx64.o/libtcl8.5.so(+0x34b38) [0x7fa72ce2db38]
/opt/Xilinx2018/Vivado/2018.2/lib/lnx64.o/libtcl8.5.so(+0xad486) [0x7fa72cea6486]
/opt/Xilinx2018/Vivado/2018.2/lib/lnx64.o/libtcl8.5.so(+0x346c5) [0x7fa72ce2d6c5]
/opt/Xilinx2018/Vivado/2018.2/lib/lnx64.o/libtcl8.5.so(Tcl_EvalEx+0x13) [0x7fa72ce2e0a3]
/opt/Xilinx2018/Vivado/2018.2/lib/lnx64.o/libtcl8.5.so(Tcl_FSEvalFileEx+0x1da) [0x7fa72ce92c5a]
/opt/Xilinx2018/Vivado/2018.2/lib/lnx64.o/librdi_commontasks.so(+0x1cf84d) [0x7fa722a9b84d]
/opt/Xilinx2018/Vivado/2018.2/lib/lnx64.o/librdi_common.so(+0x78e792) [0x7fa732400792]
/opt/Xilinx2018/Vivado/2018.2/lib/lnx64.o/libtcl8.5.so(+0x334af) [0x7fa72ce2c4af]
/opt/Xilinx2018/Vivado/2018.2/lib/lnx64.o/libtcl8.5.so(Tcl_EvalObjv+0x32) [0x7fa72ce2c5e2]
/opt/Xilinx2018/Vivado/2018.2/lib/lnx64.o/libtcl8.5.so(TclEvalObjEx+0x322) [0x7fa72ce2e402]
/opt/Xilinx2018/Vivado/2018.2/lib/lnx64.o/librdi_commontasks.so(+0x200e8f) [0x7fa722acce8f]
/opt/Xilinx2018/Vivado/2018.2/lib/lnx64.o/librdi_commontasks.so(+0x20255e) [0x7fa722ace55e]
/opt/Xilinx2018/Vivado/2018.2/lib/lnx64.o/librdi_common.so(+0x78e792) [0x7fa732400792]
/opt/Xilinx2018/Vivado/2018.2/lib/lnx64.o/libtcl8.5.so(+0x334af) [0x7fa72ce2c4af]
/opt/Xilinx2018/Vivado/2018.2/lib/lnx64.o/libtcl8.5.so(Tcl_EvalObjv+0x32) [0x7fa72ce2c5e2]
/opt/Xilinx2018/Vivado/2018.2/lib/lnx64.o/libtcl8.5.so(TclEvalObjEx+0x322) [0x7fa72ce2e402]
/opt/Xilinx2018/Vivado/2018.2/lib/lnx64.o/librdi_commonmain.so(+0x7414) [0x7fa731a6e414]
/opt/Xilinx2018/Vivado/2018.2/lib/lnx64.o/libtcl8.5.so(Tcl_Main+0x1d0) [0x7fa72ce99210]
/opt/Xilinx2018/Vivado/2018.2/lib/lnx64.o/librdi_common.so(+0x7d175b) [0x7fa73244375b]
/lib64/libpthread.so.0() [0x3532207aa1]
/lib64/libc.so.6(clone+0x6d) [0x3531ae8c4d]
